{
  "RSpec": {
    "coverage": {
      "/Users/cellvinchung/coding/interview-5xruby/spec/features/missions_spec.rb": [
        1,
        null,
        1,
        1,
        1,
        2,
        2,
        2,
        2,
        2,
        2,
        null,
        null,
        1,
        1,
        1,
        null,
        1,
        1,
        1,
        null,
        1,
        1,
        null,
        null,
        1,
        1,
        2,
        null,
        1,
        2,
        null,
        1,
        1,
        null,
        1,
        1,
        null,
        1,
        1,
        1,
        null,
        1,
        1,
        null,
        null,
        1,
        1,
        1,
        1,
        2,
        null,
        null,
        1,
        1,
        null,
        3,
        null,
        null,
        null,
        null,
        null,
        null,
        null,
        1,
        3,
        3,
        3,
        3,
        null,
        1,
        1,
        null,
        1,
        1,
        1,
        null,
        1,
        1,
        1,
        null,
        null,
        1,
        1,
        null,
        2,
        null,
        null,
        null,
        null,
        null,
        null,
        null,
        1,
        2,
        2,
        2,
        null,
        1,
        1,
        1,
        null,
        1,
        null,
        1,
        1,
        1,
        null,
        1,
        null,
        null,
        null
      ],
      "/Users/cellvinchung/coding/interview-5xruby/spec/rails_helper.rb": [
        null,
        1,
        1,
        null,
        1,
        null,
        null,
        1,
        1,
        1,
        1,
        2,
        null,
        null,
        null,
        null,
        null,
        null,
        null,
        null,
        null,
        null,
        null,
        null,
        null,
        null,
        null,
        null,
        null,
        null,
        null,
        null,
        1,
        null,
        0,
        0,
        null,
        1,
        null,
        1,
        null,
        null,
        null,
        null,
        1,
        null,
        null,
        null,
        null,
        null,
        null,
        null,
        null,
        null,
        null,
        null,
        null,
        null,
        null,
        1,
        null,
        null,
        1,
        null,
        null,
        null,
        null,
        1,
        1,
        0,
        null,
        null,
        null,
        null,
        null,
        null,
        null,
        null,
        null,
        null,
        1,
        null,
        null,
        1,
        19,
        null,
        null,
        1,
        null,
        null,
        10,
        null,
        10,
        null,
        null,
        null,
        0,
        null,
        null,
        null,
        1,
        19,
        null,
        null,
        1,
        19,
        null,
        null
      ],
      "/Users/cellvinchung/coding/interview-5xruby/config/environment.rb": [
        null,
        1,
        null,
        null,
        1
      ],
      "/Users/cellvinchung/coding/interview-5xruby/config/application.rb": [
        1,
        null,
        1,
        null,
        null,
        null,
        1,
        null,
        1,
        1,
        null,
        1,
        1,
        1,
        1,
        null,
        null,
        null,
        null,
        null,
        null
      ],
      "/Users/cellvinchung/coding/interview-5xruby/config/boot.rb": [
        1,
        null,
        1,
        1
      ],
      "/Users/cellvinchung/coding/interview-5xruby/config/environments/test.rb": [
        null,
        null,
        null,
        null,
        null,
        1,
        null,
        null,
        1,
        null,
        null,
        null,
        null,
        1,
        null,
        null,
        1,
        1,
        null,
        null,
        null,
        null,
        1,
        1,
        1,
        null,
        null,
        1,
        null,
        null,
        1,
        null,
        null,
        1,
        null,
        1,
        null,
        null,
        null,
        null,
        1,
        null,
        null,
        1,
        null,
        null,
        null,
        null
      ],
      "/Users/cellvinchung/coding/interview-5xruby/config/initializers/application_controller_renderer.rb": [
        null,
        null,
        null,
        null,
        null,
        null,
        null,
        null
      ],
      "/Users/cellvinchung/coding/interview-5xruby/config/initializers/assets.rb": [
        null,
        null,
        null,
        1,
        null,
        null,
        null,
        null,
        1,
        null,
        null,
        null,
        null,
        null
      ],
      "/Users/cellvinchung/coding/interview-5xruby/config/initializers/backtrace_silencers.rb": [
        null,
        null,
        null,
        null,
        null,
        null,
        null
      ],
      "/Users/cellvinchung/coding/interview-5xruby/config/initializers/content_security_policy.rb": [
        null,
        null,
        null,
        null,
        null,
        null,
        null,
        null,
        null,
        null,
        null,
        null,
        null,
        null,
        null,
        null,
        null,
        null,
        null,
        null,
        null,
        null,
        null,
        null,
        null,
        null,
        null,
        null,
        null,
        null
      ],
      "/Users/cellvinchung/coding/interview-5xruby/config/initializers/cookies_serializer.rb": [
        null,
        null,
        null,
        null,
        1
      ],
      "/Users/cellvinchung/coding/interview-5xruby/config/initializers/filter_parameter_logging.rb": [
        null,
        null,
        null,
        1
      ],
      "/Users/cellvinchung/coding/interview-5xruby/config/initializers/inflections.rb": [
        null,
        null,
        null,
        null,
        null,
        null,
        null,
        null,
        null,
        null,
        null,
        null,
        null,
        null,
        null,
        null
      ],
      "/Users/cellvinchung/coding/interview-5xruby/config/initializers/mime_types.rb": [
        null,
        null,
        null,
        null
      ],
      "/Users/cellvinchung/coding/interview-5xruby/config/initializers/wrap_parameters.rb": [
        null,
        null,
        null,
        null,
        null,
        null,
        1,
        2,
        null,
        null,
        null,
        null,
        null,
        null
      ],
      "/Users/cellvinchung/coding/interview-5xruby/spec/factories/missions.rb": [
        1,
        1,
        10,
        10,
        10,
        null,
        null
      ],
      "/Users/cellvinchung/coding/interview-5xruby/config/routes.rb": [
        1,
        null,
        1,
        1,
        null
      ],
      "/Users/cellvinchung/coding/interview-5xruby/app/helpers/application_helper.rb": [
        1,
        null
      ],
      "/Users/cellvinchung/coding/interview-5xruby/app/helpers/missions_helper.rb": [
        1,
        null
      ],
      "/Users/cellvinchung/coding/interview-5xruby/spec/support/factory_bot.rb": [
        1,
        1,
        null
      ],
      "/Users/cellvinchung/coding/interview-5xruby/app/models/application_record.rb": [
        1,
        1,
        null
      ],
      "/Users/cellvinchung/coding/interview-5xruby/spec/models/mission_spec.rb": [
        1,
        null,
        1,
        1,
        9,
        null,
        1,
        1,
        1,
        1,
        null,
        1,
        1,
        1,
        null,
        1,
        1,
        1,
        null,
        1,
        1,
        1,
        1,
        null,
        1,
        1,
        null,
        null,
        null,
        1,
        1,
        1,
        1,
        null,
        1,
        1,
        1,
        null,
        1,
        1,
        1,
        1,
        null,
        1,
        1,
        1,
        1,
        null,
        null,
        null
      ],
      "/Users/cellvinchung/coding/interview-5xruby/app/models/mission.rb": [
        1,
        1,
        1,
        1,
        1,
        1,
        1,
        null,
        32,
        1,
        29,
        1,
        null,
        null,
        1,
        null,
        null,
        null,
        null,
        1,
        1,
        1,
        1,
        null,
        1,
        1,
        null,
        1,
        1,
        null,
        null,
        null
      ],
      "/Users/cellvinchung/coding/interview-5xruby/app/controllers/application_controller.rb": [
        1,
        null
      ],
      "/Users/cellvinchung/coding/interview-5xruby/app/controllers/missions_controller.rb": [
        1,
        1,
        1,
        9,
        9,
        9,
        null,
        1,
        null,
        null,
        1,
        2,
        null,
        1,
        2,
        2,
        1,
        1,
        null,
        1,
        null,
        null,
        1,
        null,
        null,
        1,
        2,
        1,
        1,
        null,
        1,
        null,
        null,
        1,
        1,
        1,
        1,
        null,
        1,
        1,
        4,
        null,
        null,
        null,
        null,
        null,
        null,
        null,
        1,
        7,
        null,
        null
      ]
    },
    "timestamp": 1571890087
  },
  "(1/8)": {
    "coverage": {
      "/Users/cellvinchung/coding/interview-5xruby/spec/features/missions_spec.rb": [
        1,
        null,
        1,
        1,
        1,
        2,
        2,
        2,
        2,
        2,
        2,
        null,
        null,
        1,
        1,
        1,
        null,
        1,
        1,
        1,
        null,
        1,
        1,
        null,
        null,
        1,
        1,
        2,
        null,
        1,
        2,
        null,
        1,
        1,
        null,
        1,
        1,
        null,
        1,
        1,
        1,
        null,
        1,
        1,
        null,
        null,
        1,
        1,
        1,
        1,
        2,
        null,
        null,
        1,
        1,
        null,
        3,
        null,
        null,
        null,
        null,
        null,
        null,
        null,
        1,
        3,
        3,
        3,
        3,
        null,
        1,
        1,
        null,
        1,
        1,
        1,
        null,
        1,
        1,
        1,
        null,
        null,
        1,
        1,
        null,
        2,
        null,
        null,
        null,
        null,
        null,
        null,
        null,
        1,
        2,
        2,
        2,
        null,
        1,
        1,
        1,
        null,
        1,
        null,
        1,
        1,
        1,
        null,
        1,
        null,
        null,
        null
      ],
      "/Users/cellvinchung/coding/interview-5xruby/spec/rails_helper.rb": [
        null,
        1,
        1,
        null,
        1,
        null,
        null,
        1,
        1,
        2,
        null,
        null,
        null,
        null,
        null,
        null,
        null,
        null,
        null,
        null,
        null,
        null,
        null,
        null,
        null,
        null,
        null,
        null,
        null,
        null,
        1,
        null,
        0,
        0,
        null,
        1,
        null,
        1,
        null,
        null,
        null,
        null,
        1,
        null,
        null,
        null,
        null,
        null,
        null,
        null,
        null,
        null,
        null,
        null,
        null,
        null,
        null,
        1,
        null,
        null,
        1,
        null,
        null,
        null
      ],
      "/Users/cellvinchung/coding/interview-5xruby/config/environment.rb": [
        null,
        1,
        null,
        null,
        1
      ],
      "/Users/cellvinchung/coding/interview-5xruby/config/application.rb": [
        1,
        null,
        1,
        null,
        null,
        null,
        1,
        null,
        1,
        1,
        null,
        1,
        1,
        1,
        1,
        null,
        null,
        null,
        null,
        null,
        null
      ],
      "/Users/cellvinchung/coding/interview-5xruby/config/boot.rb": [
        1,
        null,
        1,
        1
      ],
      "/Users/cellvinchung/coding/interview-5xruby/config/environments/test.rb": [
        null,
        null,
        null,
        null,
        null,
        1,
        null,
        null,
        1,
        null,
        null,
        null,
        null,
        1,
        null,
        null,
        1,
        1,
        null,
        null,
        null,
        null,
        1,
        1,
        1,
        null,
        null,
        1,
        null,
        null,
        1,
        null,
        null,
        1,
        null,
        1,
        null,
        null,
        null,
        null,
        1,
        null,
        null,
        1,
        null,
        null,
        null,
        null
      ],
      "/Users/cellvinchung/coding/interview-5xruby/config/initializers/application_controller_renderer.rb": [
        null,
        null,
        null,
        null,
        null,
        null,
        null,
        null
      ],
      "/Users/cellvinchung/coding/interview-5xruby/config/initializers/assets.rb": [
        null,
        null,
        null,
        1,
        null,
        null,
        null,
        null,
        1,
        null,
        null,
        null,
        null,
        null
      ],
      "/Users/cellvinchung/coding/interview-5xruby/config/initializers/backtrace_silencers.rb": [
        null,
        null,
        null,
        null,
        null,
        null,
        null
      ],
      "/Users/cellvinchung/coding/interview-5xruby/config/initializers/content_security_policy.rb": [
        null,
        null,
        null,
        null,
        null,
        null,
        null,
        null,
        null,
        null,
        null,
        null,
        null,
        null,
        null,
        null,
        null,
        null,
        null,
        null,
        null,
        null,
        null,
        null,
        null,
        null,
        null,
        null,
        null,
        null
      ],
      "/Users/cellvinchung/coding/interview-5xruby/config/initializers/cookies_serializer.rb": [
        null,
        null,
        null,
        null,
        1
      ],
      "/Users/cellvinchung/coding/interview-5xruby/config/initializers/filter_parameter_logging.rb": [
        null,
        null,
        null,
        1
      ],
      "/Users/cellvinchung/coding/interview-5xruby/config/initializers/inflections.rb": [
        null,
        null,
        null,
        null,
        null,
        null,
        null,
        null,
        null,
        null,
        null,
        null,
        null,
        null,
        null,
        null
      ],
      "/Users/cellvinchung/coding/interview-5xruby/config/initializers/mime_types.rb": [
        null,
        null,
        null,
        null
      ],
      "/Users/cellvinchung/coding/interview-5xruby/config/initializers/wrap_parameters.rb": [
        null,
        null,
        null,
        null,
        null,
        null,
        1,
        2,
        null,
        null,
        null,
        null,
        null,
        null
      ],
      "/Users/cellvinchung/coding/interview-5xruby/spec/factories/missions.rb": [
        1,
        1,
        1,
        1,
        1,
        null,
        null
      ],
      "/Users/cellvinchung/coding/interview-5xruby/config/routes.rb": [
        1,
        null,
        1,
        1,
        null
      ],
      "/Users/cellvinchung/coding/interview-5xruby/app/helpers/application_helper.rb": [
        1,
        null
      ],
      "/Users/cellvinchung/coding/interview-5xruby/app/helpers/missions_helper.rb": [
        1,
        null
      ],
      "/Users/cellvinchung/coding/interview-5xruby/spec/support/factory_bot.rb": [
        1,
        1,
        null
      ],
      "/Users/cellvinchung/coding/interview-5xruby/app/models/application_record.rb": [
        1,
        1,
        null
      ],
      "/Users/cellvinchung/coding/interview-5xruby/app/controllers/application_controller.rb": [
        1,
        null
      ],
      "/Users/cellvinchung/coding/interview-5xruby/app/controllers/missions_controller.rb": [
        1,
        1,
        1,
        9,
        9,
        9,
        null,
        1,
        null,
        null,
        1,
        2,
        null,
        1,
        2,
        2,
        1,
        1,
        null,
        1,
        null,
        null,
        1,
        null,
        null,
        1,
        2,
        1,
        1,
        null,
        1,
        null,
        null,
        1,
        1,
        1,
        1,
        null,
        1,
        1,
        4,
        null,
        null,
        null,
        null,
        null,
        null,
        null,
        1,
        7,
        null,
        null
      ],
      "/Users/cellvinchung/coding/interview-5xruby/app/models/mission.rb": [
        1,
        1,
        1,
        1,
        1,
        1,
        1,
        null,
        23,
        1,
        22,
        0,
        null,
        null,
        1,
        null,
        null,
        null,
        null,
        1,
        1,
        1,
        1,
        null,
        1,
        1,
        null,
        1,
        1,
        null,
        null,
        null
      ]
    },
    "timestamp": 1571889358
  },
  "(2/8)": {
    "coverage": {
      "/Users/cellvinchung/coding/interview-5xruby/spec/models/mission_spec.rb": [
        1,
        null,
        1,
        1,
        9,
        null,
        1,
        1,
        1,
        1,
        null,
        1,
        1,
        1,
        null,
        1,
        1,
        1,
        null,
        1,
        1,
        1,
        1,
        null,
        1,
        1,
        null,
        null,
        null,
        1,
        1,
        1,
        1,
        null,
        1,
        1,
        1,
        null,
        1,
        1,
        1,
        1,
        null,
        1,
        1,
        1,
        1,
        null,
        null,
        null
      ],
      "/Users/cellvinchung/coding/interview-5xruby/spec/rails_helper.rb": [
        null,
        1,
        1,
        null,
        1,
        null,
        null,
        1,
        1,
        2,
        null,
        null,
        null,
        null,
        null,
        null,
        null,
        null,
        null,
        null,
        null,
        null,
        null,
        null,
        null,
        null,
        null,
        null,
        null,
        null,
        1,
        null,
        0,
        0,
        null,
        1,
        null,
        1,
        null,
        null,
        null,
        null,
        1,
        null,
        null,
        null,
        null,
        null,
        null,
        null,
        null,
        null,
        null,
        null,
        null,
        null,
        null,
        1,
        null,
        null,
        1,
        null,
        null,
        null
      ],
      "/Users/cellvinchung/coding/interview-5xruby/config/environment.rb": [
        null,
        1,
        null,
        null,
        1
      ],
      "/Users/cellvinchung/coding/interview-5xruby/config/application.rb": [
        1,
        null,
        1,
        null,
        null,
        null,
        1,
        null,
        1,
        1,
        null,
        1,
        1,
        1,
        1,
        null,
        null,
        null,
        null,
        null,
        null
      ],
      "/Users/cellvinchung/coding/interview-5xruby/config/boot.rb": [
        1,
        null,
        1,
        1
      ],
      "/Users/cellvinchung/coding/interview-5xruby/config/environments/test.rb": [
        null,
        null,
        null,
        null,
        null,
        1,
        null,
        null,
        1,
        null,
        null,
        null,
        null,
        1,
        null,
        null,
        1,
        1,
        null,
        null,
        null,
        null,
        1,
        1,
        1,
        null,
        null,
        1,
        null,
        null,
        1,
        null,
        null,
        1,
        null,
        1,
        null,
        null,
        null,
        null,
        1,
        null,
        null,
        1,
        null,
        null,
        null,
        null
      ],
      "/Users/cellvinchung/coding/interview-5xruby/config/initializers/application_controller_renderer.rb": [
        null,
        null,
        null,
        null,
        null,
        null,
        null,
        null
      ],
      "/Users/cellvinchung/coding/interview-5xruby/config/initializers/assets.rb": [
        null,
        null,
        null,
        1,
        null,
        null,
        null,
        null,
        1,
        null,
        null,
        null,
        null,
        null
      ],
      "/Users/cellvinchung/coding/interview-5xruby/config/initializers/backtrace_silencers.rb": [
        null,
        null,
        null,
        null,
        null,
        null,
        null
      ],
      "/Users/cellvinchung/coding/interview-5xruby/config/initializers/content_security_policy.rb": [
        null,
        null,
        null,
        null,
        null,
        null,
        null,
        null,
        null,
        null,
        null,
        null,
        null,
        null,
        null,
        null,
        null,
        null,
        null,
        null,
        null,
        null,
        null,
        null,
        null,
        null,
        null,
        null,
        null,
        null
      ],
      "/Users/cellvinchung/coding/interview-5xruby/config/initializers/cookies_serializer.rb": [
        null,
        null,
        null,
        null,
        1
      ],
      "/Users/cellvinchung/coding/interview-5xruby/config/initializers/filter_parameter_logging.rb": [
        null,
        null,
        null,
        1
      ],
      "/Users/cellvinchung/coding/interview-5xruby/config/initializers/inflections.rb": [
        null,
        null,
        null,
        null,
        null,
        null,
        null,
        null,
        null,
        null,
        null,
        null,
        null,
        null,
        null,
        null
      ],
      "/Users/cellvinchung/coding/interview-5xruby/config/initializers/mime_types.rb": [
        null,
        null,
        null,
        null
      ],
      "/Users/cellvinchung/coding/interview-5xruby/config/initializers/wrap_parameters.rb": [
        null,
        null,
        null,
        null,
        null,
        null,
        1,
        2,
        null,
        null,
        null,
        null,
        null,
        null
      ],
      "/Users/cellvinchung/coding/interview-5xruby/spec/factories/missions.rb": [
        1,
        1,
        10,
        10,
        10,
        null,
        null
      ],
      "/Users/cellvinchung/coding/interview-5xruby/config/routes.rb": [
        1,
        null,
        1,
        1,
        null
      ],
      "/Users/cellvinchung/coding/interview-5xruby/app/helpers/application_helper.rb": [
        1,
        null
      ],
      "/Users/cellvinchung/coding/interview-5xruby/app/helpers/missions_helper.rb": [
        1,
        null
      ],
      "/Users/cellvinchung/coding/interview-5xruby/spec/support/factory_bot.rb": [
        1,
        1,
        null
      ],
      "/Users/cellvinchung/coding/interview-5xruby/app/models/application_record.rb": [
        1,
        1,
        null
      ],
      "/Users/cellvinchung/coding/interview-5xruby/app/models/mission.rb": [
        1,
        1,
        1,
        1,
        1,
        1,
        1,
        null,
        10,
        1,
        7,
        1,
        null,
        null,
        1,
        null,
        null,
        null,
        null,
        1,
        1,
        1,
        1,
        null,
        1,
        1,
        null,
        1,
        1,
        null,
        null,
        null
      ]
    },
    "timestamp": 1571889357
  }
}
